ALNWICK C 1804 10 27  -39.5  142.3    NA  9.30
ALNWICK C 1804 10 28  -39.4  144.3    NA  9.30
ALNWICK C 1804 10 29  -39.6  147.6    NA    NA
ALNWICK C 1804 10 30  -38.7  148.7    NA  9.30
ALNWICK C 1804 10 31  -36.8  154.3    NA  1.00
ALNWICK C 1804 11 01  -35.8  156.0    NA  9.30
ALNWICK C 1804 11 02  -34.8  157.7    NA    NA
ALNWICK C 1804 11 03  -34.6  160.0    NA    NA
ALNWICK C 1804 11 04  -33.8  160.4    NA    NA
ALNWICK C 1804 11 05  -33.0  162.6    NA  6.70
ALNWICK C 1804 11 06  -32.7  165.6    NA  9.30
ALNWICK C 1804 11 07  -32.3  167.8    NA  9.30
ALNWICK C 1804 11 08  -30.1  168.0    NA  9.30
ALNWICK C 1804 11 09  -28.9  168.7    NA  9.30
ALNWICK C 1804 11 10  -27.3  169.0    NA    NA
ALNWICK C 1804 11 11  -26.0  169.1    NA    NA
ALNWICK C 1804 11 12  -24.8  169.5    NA    NA
ALNWICK C 1804 11 13  -23.7  170.0    NA  1.00
ALNWICK C 1804 11 14  -22.4  169.5    NA  9.30
ALNWICK C 1804 11 15  -19.5  170.2    NA  9.30
ALNWICK C 1804 11 16  -16.9  170.7    NA  9.30
ALNWICK C 1804 11 17  -14.3  171.1    NA  9.30
ALNWICK C 1804 11 18  -11.5  170.4    NA  9.30
ALNWICK C 1804 11 19   -9.2  169.7    NA    NA
ALNWICK C 1804 11 20   -8.5  169.6    NA    NA
ALNWICK C 1804 11 21   -8.0  170.3    NA  0.00
ALNWICK C 1804 11 22   -8.0  169.8    NA  1.00
ALNWICK C 1804 11 23   -6.7  170.0    NA  1.00
ALNWICK C 1804 11 24   -6.4  170.6    NA    NA
ALNWICK C 1804 11 25   -6.2  169.4    NA    NA
ALNWICK C 1804 11 26   -5.1  168.7    NA  6.70
ALNWICK C 1804 11 27   -4.1  167.7    NA  2.60
ALNWICK C 1804 11 28   -3.5  167.2    NA  2.60
ALNWICK C 1804 11 29   -2.6  167.3    NA  2.60
ALNWICK C 1804 11 30   -2.0  166.7    NA  1.00
ALNWICK C 1804 12 01   -1.0  166.1    NA  2.60
CERES 4   1804 10 27  -39.5  142.3    NA  9.30
CERES 4   1804 10 28  -39.4  144.3    NA    NA
CERES 4   1804 10 29  -39.6  147.5    NA    NA
CERES 4   1804 10 30  -38.7  152.0    NA 26.80
CERES 4   1804 10 31  -36.8  154.2    NA    NA
CERES 4   1804 11 01  -35.6  155.9    NA    NA
CERES 4   1804 11 02  -34.8  157.3    NA    NA
CERES 4   1804 11 03  -34.6  159.8    NA    NA
CERES 4   1804 11 04  -33.8  160.2    NA    NA
CERES 4   1804 11 05  -33.0  162.3    NA    NA
CERES 4   1804 11 06  -32.7  165.2    NA 19.00
CERES 4   1804 11 07  -32.1  167.5    NA 22.60
CERES 4   1804 11 08  -30.1  167.8    NA  9.30
CERES 4   1804 11 09  -29.0  168.3    NA    NA
CERES 4   1804 11 10  -27.2  168.7    NA    NA
CERES 4   1804 11 11  -25.9  168.7    NA    NA
CERES 4   1804 11 12  -24.8  169.0    NA    NA
CERES 4   1804 11 13  -23.7  169.4    NA    NA
CERES 4   1804 11 14  -22.2  169.4    NA  9.30
CERES 4   1804 11 15  -19.5  170.2    NA  6.70
CERES 4   1804 11 16  -17.0  170.7    NA    NA
CERES 4   1804 11 17  -14.2  171.0    NA  9.30
CERES 4   1804 11 18  -11.5  170.2    NA 12.30
CERES 4   1804 11 19   -9.2  169.5    NA    NA
CERES 4   1804 11 20   -8.5  169.4    NA    NA
CERES 4   1804 11 21   -8.1  169.3    NA  0.00
CERES 4   1804 11 22   -8.0  169.6    NA  0.00
CERES 4   1804 11 23   -6.6  169.7    NA    NA
CERES 4   1804 11 24   -6.5  169.5    NA  0.00
CERES 4   1804 11 25   -6.1  169.0    NA    NA
CERES 4   1804 11 26   -5.1  168.6    NA    NA
CERES 4   1804 11 27   -4.1  167.3    NA    NA
CERES 4   1804 11 28   -3.4  166.9    NA    NA
CERES 4   1804 11 29   -2.5  166.8    NA  1.00
CERES 4   1804 11 30   -2.0  166.3    NA  1.00
CERES 4   1804 12 01   -0.9  165.7    NA    NA
OCEAN 5   1803 10 01  -39.0  140.4    NA  2.60
OCEAN 5   1803 10 02  -39.1  141.1    NA  2.60
OCEAN 5   1803 10 03  -38.9  141.4    NA  1.00
OCEAN 5   1803 10 04  -39.1  143.4    NA  9.30
OCEAN 5   1804 10 09  -34.6  152.4    NA  2.60
OCEAN 5   1804 10 11  -35.6  156.0    NA 19.00
OCEAN 5   1804 10 12  -34.7  157.6    NA  6.70
OCEAN 5   1804 10 13  -33.5  159.7    NA 19.00
OCEAN 5   1804 10 14  -31.7  160.1    NA 19.00
OCEAN 5   1804 10 15  -29.9  160.8    NA    NA
OCEAN 5   1804 10 16  -31.3  161.0    NA  6.70
OCEAN 5   1804 10 17  -32.1  162.0    NA  6.70
OCEAN 5   1804 10 18  -32.9  163.4    NA  9.30
OCEAN 5   1804 10 19  -32.9  165.6    NA 19.00
OCEAN 5   1804 10 20  -32.9  167.8    NA 19.00
OCEAN 5   1804 10 21  -32.9  170.0    NA  6.70
OCEAN 5   1804 10 22  -32.6  171.7    NA    NA
OCEAN 5   1804 10 23  -31.9  174.0    NA  9.30
OCEAN 5   1804 10 24  -30.5  173.3    NA    NA
OCEAN 5   1804 10 25  -29.8  172.2    NA  2.60
OCEAN 5   1804 10 26  -29.1  171.0    NA 22.60
OCEAN 5   1804 10 27  -27.6  171.3    NA  6.70
OCEAN 5   1804 10 28  -26.2  171.4    NA  2.60
OCEAN 5   1804 10 29  -25.3  171.4    NA  1.00
OCEAN 5   1804 10 30  -23.5  170.7    NA  6.70
OCEAN 5   1804 10 31  -22.5  170.1    NA  2.60
OCEAN 5   1804 11 01  -21.9  169.6    NA  0.00
OCEAN 5   1804 11 02  -20.7  169.7    NA  6.70
OCEAN 5   1804 11 03  -19.6  169.8    NA    NA
OCEAN 5   1804 11 04  -17.6  169.8    NA  6.70
OCEAN 5   1804 11 05  -15.1  169.1    NA  9.30
OCEAN 5   1804 11 07  -10.0  169.5    NA    NA
OCEAN 5   1804 11 08   -9.2  170.0    NA    NA
OCEAN 5   1804 11 09   -9.0  170.6    NA  1.00
OCEAN 5   1804 11 10   -9.0  171.1    NA  2.60
OCEAN 5   1804 11 11   -8.6  171.7    NA  9.30
OCEAN 5   1804 11 12   -7.8  171.8    NA  1.00
OCEAN 5   1804 11 13   -6.5  171.5    NA    NA
OCEAN 5   1804 11 14   -5.7  171.1    NA  0.00
OCEAN 5   1804 11 15   -4.9  170.3    NA  6.70
OCEAN 5   1804 11 16   -4.0  169.2    NA  6.70
OCEAN 5   1804 11 17   -2.4  168.4    NA    NA
OCEAN 5   1804 11 18   -0.6  167.8    NA    NA
TAUNTON C 1804 11 01  -39.1  140.5    NA    NA
TAUNTON C 1804 11 02  -38.7  141.1    NA  1.00
TAUNTON C 1804 11 03  -39.2  143.8    NA    NA
TAUNTON C 1804 11 04  -39.8  145.1 1003.4    NA
TAUNTON C 1804 11 05  -39.4  148.0 996.6  6.70
TAUNTON C 1804 11 06  -37.9  151.0 999.9    NA
TAUNTON C 1804 11 07  -35.6  154.4 1003.0  6.70
TAUNTON C 1804 11 08  -34.0  157.4 1013.0    NA
TAUNTON C 1804 11 09  -33.5  160.0 1029.9    NA
TAUNTON C 1804 11 10  -32.3  163.3 1012.9    NA
TAUNTON C 1804 11 11  -30.1  166.0 1009.3  6.70
TAUNTON C 1804 11 12  -29.0  168.5    NA  9.30
TAUNTON C 1804 11 13  -29.0  168.6    NA    NA
TAUNTON C 1804 11 14  -27.7  168.3    NA    NA
TAUNTON C 1804 11 15  -25.4  168.1    NA    NA
TAUNTON C 1804 11 16  -23.4  168.2    NA    NA
TAUNTON C 1804 11 17  -23.6  169.2    NA  6.70
TAUNTON C 1804 11 18  -23.3  169.2    NA    NA
TAUNTON C 1804 11 19  -22.2  169.5    NA    NA
TAUNTON C 1804 11 20  -22.4  170.7    NA    NA
TAUNTON C 1804 11 21  -21.8  170.5    NA    NA
TAUNTON C 1804 11 22  -19.6  170.8    NA    NA
TAUNTON C 1804 11 23  -16.4  170.8 1005.0    NA
TAUNTON C 1804 11 24  -14.2  170.8 1006.6    NA
TAUNTON C 1804 11 25  -13.8  170.4 1008.3    NA
TAUNTON C 1804 11 26  -13.5  170.0 1011.7    NA
TAUNTON C 1804 11 27  -13.1  170.0    NA    NA
TAUNTON C 1804 11 28  -11.8  170.7 1004.8    NA
TAUNTON C 1804 11 29  -11.4  170.5 1006.5  0.00
TAUNTON C 1804 11 30  -10.4  170.8 1004.8  1.00
TAUNTON C 1804 12 01  -10.3  170.9 1008.2  0.00
TAUNTON C 1804 12 02  -10.1  171.3 1004.8  0.00
TAUNTON C 1804 12 03   -9.8  171.5 1004.8    NA
TAUNTON C 1804 12 04   -9.3  172.0 1006.4    NA
TAUNTON C 1804 12 05   -8.5  172.3 1008.1    NA
TAUNTON C 1804 12 06   -8.3  172.3    NA  1.00
TAUNTON C 1804 12 07   -6.6  171.9 1004.7    NA
TAUNTON C 1804 12 08   -6.3  171.7 1004.7  0.00
TAUNTON C 1804 12 09   -6.1  171.6 1004.7  1.00
TAUNTON C 1804 12 10   -5.1  171.6 1004.7    NA
TAUNTON C 1804 12 11   -3.8  170.8 1004.6    NA
TAUNTON C 1804 12 12   -2.9  170.1 1006.3  6.70
TAUNTON C 1804 12 13   -1.1  168.6 1008.0  6.70
ARNISTON  1804 10 27  -39.4  141.6 1003.2    NA
ARNISTON  1804 10 28  -39.5  144.0 1004.8 19.00
ARNISTON  1804 10 29  -39.6  147.2 1006.5 12.30
ARNISTON  1804 10 30  -38.6  151.7 1009.6    NA
ARNISTON  1804 10 31  -36.8  153.8 1009.1    NA
ARNISTON  1804 11 01  -35.7  155.3 1008.5    NA
ARNISTON  1804 11 02  -34.8  156.7 1008.3    NA
ARNISTON  1804 11 03  -34.7  159.5 1008.3    NA
ARNISTON  1804 11 04  -33.8  160.8 1014.8    NA
ARNISTON  1804 11 05  -33.0  162.1 1014.7    NA
ARNISTON  1804 11 06  -32.7  165.0 1009.6  6.70
ARNISTON  1804 11 07  -32.4  167.1 999.4    NA
ARNISTON  1804 11 08  -30.0  167.2    NA    NA
ARNISTON  1804 11 09  -28.9  168.2    NA  6.70
ARNISTON  1804 11 10  -27.2  168.4    NA  6.70
ARNISTON  1804 11 11  -25.9  168.5    NA  2.60
ARNISTON  1804 11 12  -24.9  169.0    NA    NA
ARNISTON  1804 11 13  -23.8  169.3    NA    NA
ARNISTON  1804 11 14  -21.9  169.2    NA  9.30
ARNISTON  1804 11 15  -19.6  170.1    NA  9.30
ARNISTON  1804 11 16  -16.8  170.7    NA    NA
ARNISTON  1804 11 17  -14.2  171.1    NA  6.70
ARNISTON  1804 11 18  -11.5  170.2    NA  9.30
ARNISTON  1804 11 19   -9.2  169.5    NA    NA
ARNISTON  1804 11 20   -8.5  169.3    NA  1.00
ARNISTON  1804 11 21   -8.0  168.6    NA    NA
ARNISTON  1804 11 22   -7.9  169.5    NA  2.60
ARNISTON  1804 11 23   -6.6  169.9    NA  0.00
ARNISTON  1804 11 24   -6.5  168.9    NA    NA
ARNISTON  1804 11 25   -6.1  169.2    NA  2.60
ARNISTON  1804 11 26   -5.1  168.6    NA    NA
ARNISTON  1804 11 27   -4.0  167.6    NA    NA
ARNISTON  1804 11 28   -3.5  167.1    NA    NA
ARNISTON  1804 11 29   -2.6  167.1    NA    NA
ARNISTON  1804 11 30   -2.0  166.6    NA    NA
ARNISTON  1804 12 01   -1.0  166.0    NA  6.70
ROY CHA 5 1804 10 27  -39.5  142.0    NA    NA
ROY CHA 5 1804 10 28  -39.5  144.3    NA    NA
ROY CHA 5 1804 10 29  -39.6  147.5    NA    NA
ROY CHA 5 1804 10 30  -38.7  152.0    NA 19.00
ROY CHA 5 1804 10 31  -36.9  154.2    NA    NA
ROY CHA 5 1804 11 01  -36.0  155.5    NA  9.30
ROY CHA 5 1804 11 02  -35.1  156.7    NA    NA
ROY CHA 5 1804 11 03  -34.7  159.7    NA  2.60
ROY CHA 5 1804 11 04  -33.9  159.9    NA    NA
ROY CHA 5 1804 11 05  -33.1  162.2    NA    NA
ROY CHA 5 1804 11 06  -32.7  165.1    NA    NA
ROY CHA 5 1804 11 07  -32.1  167.7    NA 19.00
ROY CHA 5 1804 11 08  -30.1  167.7    NA 19.00
ROY CHA 5 1804 11 09  -29.0  168.1    NA    NA
ROY CHA 5 1804 11 10  -27.4  168.5    NA    NA
ROY CHA 5 1804 11 11  -26.1  168.7    NA    NA
ROY CHA 5 1804 11 12  -24.8  169.1    NA  2.60
ROY CHA 5 1804 11 13  -23.7  169.4    NA  2.60
ROY CHA 5 1804 11 14  -22.4  169.3    NA 12.30
ROY CHA 5 1804 11 15  -19.6  170.0    NA    NA
ROY CHA 5 1804 11 16  -17.0  170.6    NA    NA
ROY CHA 5 1804 11 17  -14.2  170.1    NA  9.30
ROY CHA 5 1804 11 18  -11.5  170.2    NA    NA
ROY CHA 5 1804 11 19   -9.2  169.5    NA    NA
ROY CHA 5 1804 11 20   -8.5  169.2    NA    NA
ROY CHA 5 1804 11 21   -8.0  169.2    NA  1.00
ROY CHA 5 1804 11 22   -8.0  169.5    NA    NA
ROY CHA 5 1804 11 23   -6.5  169.8    NA  1.00
ROY CHA 5 1804 11 24   -6.4  169.7    NA    NA
ROY CHA 5 1804 11 25   -6.1  169.0    NA  9.30
ROY CHA 5 1804 11 26   -5.0  168.3    NA    NA
ROY CHA 5 1804 11 27   -4.1  167.4    NA  2.60
ROY CHA 5 1804 11 28   -3.5  166.5    NA  1.00
ROY CHA 5 1804 11 29   -2.5  166.7    NA    NA
ROY CHA 5 1804 11 30   -2.0  166.2    NA    NA
ROY CHA 5 1804 12 01   -1.0  165.5    NA  6.70
CUFFNELLS 1804 10 27  -39.4  142.2 994.6  9.30
CUFFNELLS 1804 10 28  -39.2  145.6    NA  9.30
CUFFNELLS 1804 10 29  -39.6  148.9    NA 19.00
CUFFNELLS 1804 10 30  -38.6  152.1 1002.0 19.00
CUFFNELLS 1804 10 31  -36.8  154.3 1004.5    NA
CUFFNELLS 1804 11 01  -35.5  155.2 1000.7    NA
CUFFNELLS 1804 11 02  -34.8  156.4 996.6    NA
CUFFNELLS 1804 11 03  -34.6  159.8 1001.7  6.70
CUFFNELLS 1804 11 04  -33.9  160.2 1001.6    NA
CUFFNELLS 1804 11 05  -33.0  162.4 1008.3    NA
CUFFNELLS 1804 11 06  -32.7  165.5 1008.3  6.70
CUFFNELLS 1804 11 07  -32.2  163.5 994.7    NA
CUFFNELLS 1804 11 08  -30.0  167.8 1003.6  9.30
CUFFNELLS 1804 11 09  -28.9  168.5 1007.9    NA
CUFFNELLS 1804 11 10  -27.2  168.7 1004.4    NA
CUFFNELLS 1804 11 11  -26.0  168.8 1004.3  1.00
CUFFNELLS 1804 11 12  -24.8  169.3 1004.3  1.00
CUFFNELLS 1804 11 13  -23.7  169.6 1007.6    NA
CUFFNELLS 1804 11 14  -22.2  169.5 1007.5    NA
CUFFNELLS 1804 11 15  -19.5  170.2 1005.6 12.30
CUFFNELLS 1804 11 16  -16.9  170.9 1003.8    NA
CUFFNELLS 1804 11 17  -14.2  171.1 1002.0    NA
CUFFNELLS 1804 11 18  -11.5  170.5 1003.5  9.30
CUFFNELLS 1804 11 19   -9.2  169.6 1001.8    NA
CUFFNELLS 1804 11 20   -8.6  169.2 1001.8  1.00
CUFFNELLS 1804 11 21   -7.8  170.3 1001.7  1.00
CUFFNELLS 1804 11 22   -8.0  169.7 1001.7  1.00
CUFFNELLS 1804 11 23   -6.6  169.5 1001.7    NA
CUFFNELLS 1804 11 24   -6.5  170.7 1000.0    NA
CUFFNELLS 1804 11 25   -6.2  169.2 1003.4    NA
CUFFNELLS 1804 11 26   -5.1  168.6 1003.4    NA
CUFFNELLS 1804 11 27   -4.1  167.5 1003.4    NA
CUFFNELLS 1804 11 28   -3.5  167.1 1003.3    NA
CUFFNELLS 1804 11 29   -2.5  167.2 1003.3    NA
CUFFNELLS 1804 11 30   -2.0  166.5 1003.3    NA
CUFFNELLS 1804 12 01   -1.0  165.9 1003.3    NA
